  Button.cpp
C:\Users\fokus\Desktop\JobEngine\Job Engine\main.h(26,57): warning C4244: аргумент: преобразование "float" в "int", возможна потеря данных
C:\Users\fokus\Desktop\JobEngine\Job Engine\main.h(31,55): warning C4244: аргумент: преобразование "float" в "int", возможна потеря данных
C:\Users\fokus\Desktop\JobEngine\Job Engine\main.h(83,67): warning C4244: аргумент: преобразование "double" в "int", возможна потеря данных
  main.cpp
C:\Users\fokus\Desktop\JobEngine\Job Engine\main.h(26,57): warning C4244: аргумент: преобразование "float" в "int", возможна потеря данных
C:\Users\fokus\Desktop\JobEngine\Job Engine\main.h(31,55): warning C4244: аргумент: преобразование "float" в "int", возможна потеря данных
C:\Users\fokus\Desktop\JobEngine\Job Engine\main.h(83,67): warning C4244: аргумент: преобразование "double" в "int", возможна потеря данных
C:\Users\fokus\Desktop\JobEngine\Job Engine\main.cpp(30,84): warning C4244: аргумент: преобразование "T" в "T", возможна потеря данных
          with
          [
              T=int
          ]
          and
          [
              T=float
          ]
C:\Users\fokus\Desktop\JobEngine\Job Engine\main.cpp(30,54): warning C4244: аргумент: преобразование "T" в "T", возможна потеря данных
          with
          [
              T=int
          ]
          and
          [
              T=float
          ]
C:\Users\fokus\Desktop\JobEngine\Job Engine\main.cpp(49,27): warning C4244: аргумент: преобразование "double" в "T", возможна потеря данных
          with
          [
              T=float
          ]
C:\Users\fokus\Desktop\JobEngine\Job Engine\main.cpp(49,18): warning C4244: аргумент: преобразование "double" в "T", возможна потеря данных
          with
          [
              T=float
          ]
C:\Users\fokus\Desktop\JobEngine\Job Engine\main.cpp(63,60): warning C4554: "&": проверьте приоритет операторов на ошибки; для уточнения приоритета используйте скобки
  Создание кода
  1 of 618 functions ( 0.2%) were compiled, the rest were copied from previous compilation.
    0 functions were new in current compilation
    1 functions had inline decision re-evaluated but remain unchanged
  Создание кода завершено
  Job Engine.vcxproj -> C:\Users\fokus\Desktop\JobEngine\Release\Job Engine.exe
